{"/Users/josefernandez/workspace/facebook_login/src/components/error_text/Error_text.vue": {"path":"/Users/josefernandez/workspace/facebook_login/src/components/error_text/Error_text.vue","statementMap":{"0":{"start":{"line":1,"column":0},"end":{"line":null,"column":-1}}},"fnMap":{},"branchMap":{},"s":{"0":0},"f":{},"b":{}}
,"/Users/josefernandez/workspace/facebook_login/src/components/error_text/error_text.js": {"path":"/Users/josefernandez/workspace/facebook_login/src/components/error_text/error_text.js","statementMap":{"0":{"start":{"line":1,"column":0},"end":{"line":null,"column":-1}}},"fnMap":{},"branchMap":{},"s":{"0":0},"f":{},"b":{}}
,"/Users/josefernandez/workspace/facebook_login/src/components/error_text/error_text_component.js": {"path":"/Users/josefernandez/workspace/facebook_login/src/components/error_text/error_text_component.js","statementMap":{"0":{"start":{"line":1,"column":0},"end":{"line":null,"column":-1}},"1":{"start":{"line":3,"column":18},"end":{"line":3,"column":0}}},"fnMap":{},"branchMap":{},"s":{"0":0,"1":0},"f":{},"b":{}}
,"/Users/josefernandez/workspace/facebook_login/src/components/logout_button/Logout_button.vue": {"path":"/Users/josefernandez/workspace/facebook_login/src/components/logout_button/Logout_button.vue","statementMap":{"0":{"start":{"line":1,"column":0},"end":{"line":null,"column":-1}}},"fnMap":{},"branchMap":{},"s":{"0":0},"f":{},"b":{}}
,"/Users/josefernandez/workspace/facebook_login/src/components/logout_button/logout_button.js": {"path":"/Users/josefernandez/workspace/facebook_login/src/components/logout_button/logout_button.js","statementMap":{"0":{"start":{"line":1,"column":0},"end":{"line":null,"column":-1}}},"fnMap":{},"branchMap":{},"s":{"0":0},"f":{},"b":{}}
,"/Users/josefernandez/workspace/facebook_login/src/components/logout_button/logout_button_component.js": {"path":"/Users/josefernandez/workspace/facebook_login/src/components/logout_button/logout_button_component.js","statementMap":{"0":{"start":{"line":1,"column":0},"end":{"line":null,"column":-1}},"1":{"start":{"line":3,"column":19},"end":{"line":3,"column":0}},"2":{"start":{"line":20,"column":19},"end":{"line":20,"column":0}}},"fnMap":{},"branchMap":{},"s":{"0":0,"1":0,"2":0},"f":{},"b":{}}
,"/Users/josefernandez/workspace/facebook_login/src/components/main_button/Main_button.vue": {"path":"/Users/josefernandez/workspace/facebook_login/src/components/main_button/Main_button.vue","statementMap":{"0":{"start":{"line":1,"column":0},"end":{"line":null,"column":-1}}},"fnMap":{},"branchMap":{},"s":{"0":0},"f":{},"b":{}}
,"/Users/josefernandez/workspace/facebook_login/src/components/main_button/main_button.js": {"path":"/Users/josefernandez/workspace/facebook_login/src/components/main_button/main_button.js","statementMap":{"0":{"start":{"line":1,"column":0},"end":{"line":null,"column":-1}}},"fnMap":{},"branchMap":{},"s":{"0":0},"f":{},"b":{}}
,"/Users/josefernandez/workspace/facebook_login/src/components/main_button/main_button_component.js": {"path":"/Users/josefernandez/workspace/facebook_login/src/components/main_button/main_button_component.js","statementMap":{"0":{"start":{"line":1,"column":0},"end":{"line":null,"column":-1}},"1":{"start":{"line":3,"column":19},"end":{"line":3,"column":0}},"2":{"start":{"line":17,"column":19},"end":{"line":17,"column":0}}},"fnMap":{},"branchMap":{},"s":{"0":0,"1":0,"2":0},"f":{},"b":{}}
,"/Users/josefernandez/workspace/facebook_login/src/components/main_text/Main_text.vue": {"path":"/Users/josefernandez/workspace/facebook_login/src/components/main_text/Main_text.vue","statementMap":{"0":{"start":{"line":1,"column":0},"end":{"line":null,"column":-1}}},"fnMap":{},"branchMap":{},"s":{"0":0},"f":{},"b":{}}
,"/Users/josefernandez/workspace/facebook_login/src/components/main_text/main_text.js": {"path":"/Users/josefernandez/workspace/facebook_login/src/components/main_text/main_text.js","statementMap":{"0":{"start":{"line":1,"column":0},"end":{"line":null,"column":-1}}},"fnMap":{},"branchMap":{},"s":{"0":0},"f":{},"b":{}}
,"/Users/josefernandez/workspace/facebook_login/src/components/main_text/main_text_component.js": {"path":"/Users/josefernandez/workspace/facebook_login/src/components/main_text/main_text_component.js","statementMap":{"0":{"start":{"line":1,"column":0},"end":{"line":null,"column":-1}},"1":{"start":{"line":3,"column":16},"end":{"line":3,"column":0}},"2":{"start":{"line":13,"column":17},"end":{"line":13,"column":0}}},"fnMap":{},"branchMap":{},"s":{"0":0,"1":0,"2":0},"f":{},"b":{}}
,"/Users/josefernandez/workspace/facebook_login/src/routes/routes.js": {"path":"/Users/josefernandez/workspace/facebook_login/src/routes/routes.js","statementMap":{"0":{"start":{"line":1,"column":0},"end":{"line":null,"column":-1}},"1":{"start":{"line":2,"column":0},"end":{"line":null,"column":-1}},"2":{"start":{"line":4,"column":0},"end":{"line":null,"column":-1}},"3":{"start":{"line":5,"column":0},"end":{"line":null,"column":-1}},"4":{"start":{"line":7,"column":0},"end":{"line":null,"column":-1}},"5":{"start":{"line":9,"column":15},"end":{"line":9,"column":0}}},"fnMap":{},"branchMap":{},"s":{"0":0,"1":0,"2":0,"3":0,"4":0,"5":0},"f":{},"b":{}}
,"/Users/josefernandez/workspace/facebook_login/src/routes/routes_actions.js": {"path":"/Users/josefernandez/workspace/facebook_login/src/routes/routes_actions.js","statementMap":{"0":{"start":{"line":1,"column":0},"end":{"line":null,"column":-1}},"1":{"start":{"line":3,"column":20},"end":{"line":3,"column":0}},"2":{"start":{"line":4,"column":2},"end":{"line":null,"column":-1}}},"fnMap":{"0":{"name":"(anonymous_1)","decl":{"start":{"line":3,"column":20},"end":{"line":3,"column":21}},"loc":{"start":{"line":3,"column":42},"end":{"line":3,"column":0}}}},"branchMap":{},"s":{"0":0,"1":0,"2":0},"f":{"0":0},"b":{}}
,"/Users/josefernandez/workspace/facebook_login/src/routes/routes_constant.js": {"path":"/Users/josefernandez/workspace/facebook_login/src/routes/routes_constant.js","statementMap":{"0":{"start":{"line":1,"column":18},"end":{"line":1,"column":0}},"1":{"start":{"line":2,"column":14},"end":{"line":2,"column":0}}},"fnMap":{},"branchMap":{},"s":{"0":0,"1":0},"f":{},"b":{}}
,"/Users/josefernandez/workspace/facebook_login/src/scenes/dashboard/Dashboard.vue": {"path":"/Users/josefernandez/workspace/facebook_login/src/scenes/dashboard/Dashboard.vue","statementMap":{"0":{"start":{"line":1,"column":0},"end":{"line":null,"column":-1}},"1":{"start":{"line":3,"column":0},"end":{"line":null,"column":-1}},"2":{"start":{"line":4,"column":0},"end":{"line":null,"column":-1}},"3":{"start":{"line":5,"column":0},"end":{"line":null,"column":-1}},"4":{"start":{"line":6,"column":0},"end":{"line":null,"column":-1}},"5":{"start":{"line":28,"column":0},"end":{"line":null,"column":-1}}},"fnMap":{},"branchMap":{"0":{"loc":{"start":{"line":28,"column":0},"end":{"line":null,"column":-1}},"type":"if","locations":[{"start":{"line":28,"column":0},"end":{"line":null,"column":-1}},{"start":{"line":28,"column":0},"end":{"line":null,"column":-1}}]}},"s":{"0":0,"1":0,"2":0,"3":0,"4":0,"5":0},"f":{},"b":{"0":[0,0]}}
,"/Users/josefernandez/workspace/facebook_login/src/scenes/dashboard/dashboard.js": {"path":"/Users/josefernandez/workspace/facebook_login/src/scenes/dashboard/dashboard.js","statementMap":{"0":{"start":{"line":1,"column":0},"end":{"line":null,"column":-1}},"1":{"start":{"line":3,"column":0},"end":{"line":null,"column":-1}},"2":{"start":{"line":4,"column":0},"end":{"line":null,"column":-1}},"3":{"start":{"line":5,"column":0},"end":{"line":null,"column":-1}},"4":{"start":{"line":6,"column":0},"end":{"line":null,"column":-1}},"5":{"start":{"line":28,"column":4},"end":{"line":28,"column":29}},"6":{"start":{"line":28,"column":29},"end":{"line":null,"column":-1}}},"fnMap":{},"branchMap":{"0":{"loc":{"start":{"line":28,"column":4},"end":{"line":28,"column":29}},"type":"if","locations":[{"start":{"line":28,"column":4},"end":{"line":28,"column":29}},{"start":{"line":28,"column":4},"end":{"line":28,"column":29}}]}},"s":{"0":0,"1":0,"2":0,"3":0,"4":0,"5":0,"6":0},"f":{},"b":{"0":[0,0]}}
,"/Users/josefernandez/workspace/facebook_login/src/scenes/dashboard/dashboard_actions.js": {"path":"/Users/josefernandez/workspace/facebook_login/src/scenes/dashboard/dashboard_actions.js","statementMap":{"0":{"start":{"line":1,"column":0},"end":{"line":null,"column":-1}},"1":{"start":{"line":2,"column":0},"end":{"line":null,"column":-1}},"2":{"start":{"line":3,"column":0},"end":{"line":null,"column":-1}},"3":{"start":{"line":5,"column":0},"end":{"line":null,"column":-1}},"4":{"start":{"line":7,"column":20},"end":{"line":7,"column":0}},"5":{"start":{"line":8,"column":2},"end":{"line":null,"column":-1}},"6":{"start":{"line":11,"column":18},"end":{"line":11,"column":0}},"7":{"start":{"line":12,"column":2},"end":{"line":null,"column":-1}},"8":{"start":{"line":13,"column":4},"end":{"line":null,"column":-1}},"9":{"start":{"line":17,"column":15},"end":{"line":17,"column":0}},"10":{"start":{"line":18,"column":2},"end":{"line":null,"column":-1}},"11":{"start":{"line":19,"column":2},"end":{"line":null,"column":-1}},"12":{"start":{"line":20,"column":2},"end":{"line":null,"column":-1}}},"fnMap":{"0":{"name":"(anonymous_1)","decl":{"start":{"line":7,"column":20},"end":{"line":7,"column":30}},"loc":{"start":{"line":7,"column":31},"end":{"line":7,"column":0}}},"1":{"name":"(anonymous_2)","decl":{"start":{"line":11,"column":18},"end":{"line":11,"column":23}},"loc":{"start":{"line":11,"column":24},"end":{"line":11,"column":0}}},"2":{"name":"(anonymous_3)","decl":{"start":{"line":12,"column":3},"end":{"line":12,"column":14}},"loc":{"start":{"line":12,"column":15},"end":{"line":12,"column":2}}},"3":{"name":"(anonymous_4)","decl":{"start":{"line":17,"column":15},"end":{"line":17,"column":25}},"loc":{"start":{"line":17,"column":26},"end":{"line":17,"column":0}}}},"branchMap":{},"s":{"0":0,"1":0,"2":0,"3":0,"4":0,"5":0,"6":0,"7":0,"8":0,"9":0,"10":0,"11":0,"12":0},"f":{"0":0,"1":0,"2":0,"3":0},"b":{}}
,"/Users/josefernandez/workspace/facebook_login/src/scenes/dashboard/dashboard_constants.js": {"path":"/Users/josefernandez/workspace/facebook_login/src/scenes/dashboard/dashboard_constants.js","statementMap":{"0":{"start":{"line":1,"column":20},"end":{"line":1,"column":0}}},"fnMap":{},"branchMap":{},"s":{"0":0},"f":{},"b":{}}
,"/Users/josefernandez/workspace/facebook_login/src/scenes/dashboard/dashboard_mutations.js": {"path":"/Users/josefernandez/workspace/facebook_login/src/scenes/dashboard/dashboard_mutations.js","statementMap":{"0":{"start":{"line":1,"column":0},"end":{"line":null,"column":-1}},"1":{"start":{"line":3,"column":21},"end":{"line":3,"column":0}},"2":{"start":{"line":4,"column":2},"end":{"line":null,"column":-1}}},"fnMap":{"0":{"name":"(anonymous_1)","decl":{"start":{"line":3,"column":21},"end":{"line":3,"column":19}},"loc":{"start":{"line":3,"column":31},"end":{"line":3,"column":0}}}},"branchMap":{},"s":{"0":0,"1":0,"2":0},"f":{"0":0},"b":{}}
,"/Users/josefernandez/workspace/facebook_login/src/scenes/dashboard/dashboard_styles.js": {"path":"/Users/josefernandez/workspace/facebook_login/src/scenes/dashboard/dashboard_styles.js","statementMap":{"0":{"start":{"line":2,"column":0},"end":{"line":null,"column":-1}},"1":{"start":{"line":4,"column":16},"end":{"line":4,"column":0}},"2":{"start":{"line":13,"column":15},"end":{"line":13,"column":0}}},"fnMap":{},"branchMap":{},"s":{"0":0,"1":0,"2":0},"f":{},"b":{}}
,"/Users/josefernandez/workspace/facebook_login/src/scenes/log_in/Log_in.vue": {"path":"/Users/josefernandez/workspace/facebook_login/src/scenes/log_in/Log_in.vue","statementMap":{"0":{"start":{"line":1,"column":0},"end":{"line":null,"column":-1}},"1":{"start":{"line":3,"column":0},"end":{"line":null,"column":-1}},"2":{"start":{"line":4,"column":0},"end":{"line":null,"column":-1}},"3":{"start":{"line":5,"column":0},"end":{"line":null,"column":-1}},"4":{"start":{"line":6,"column":0},"end":{"line":null,"column":-1}},"5":{"start":{"line":30,"column":0},"end":{"line":null,"column":-1}},"6":{"start":{"line":31,"column":0},"end":{"line":null,"column":-1}},"7":{"start":{"line":35,"column":0},"end":{"line":null,"column":-1}}},"fnMap":{},"branchMap":{"0":{"loc":{"start":{"line":31,"column":0},"end":{"line":null,"column":-1}},"type":"if","locations":[{"start":{"line":31,"column":0},"end":{"line":null,"column":-1}},{"start":{"line":31,"column":0},"end":{"line":null,"column":-1}}]},"1":{"loc":{"start":{"line":35,"column":0},"end":{"line":null,"column":-1}},"type":"if","locations":[{"start":{"line":35,"column":0},"end":{"line":null,"column":-1}},{"start":{"line":35,"column":0},"end":{"line":null,"column":-1}}]}},"s":{"0":0,"1":0,"2":0,"3":0,"4":0,"5":0,"6":0,"7":0},"f":{},"b":{"0":[0,0],"1":[0,0]}}
,"/Users/josefernandez/workspace/facebook_login/src/scenes/log_in/log_in.js": {"path":"/Users/josefernandez/workspace/facebook_login/src/scenes/log_in/log_in.js","statementMap":{"0":{"start":{"line":1,"column":0},"end":{"line":null,"column":-1}},"1":{"start":{"line":3,"column":0},"end":{"line":null,"column":-1}},"2":{"start":{"line":4,"column":0},"end":{"line":null,"column":-1}},"3":{"start":{"line":5,"column":0},"end":{"line":null,"column":-1}},"4":{"start":{"line":6,"column":0},"end":{"line":null,"column":-1}},"5":{"start":{"line":30,"column":4},"end":{"line":null,"column":-1}},"6":{"start":{"line":31,"column":4},"end":{"line":31,"column":28}},"7":{"start":{"line":31,"column":28},"end":{"line":null,"column":-1}},"8":{"start":{"line":35,"column":6},"end":{"line":35,"column":30}},"9":{"start":{"line":35,"column":30},"end":{"line":null,"column":-1}}},"fnMap":{},"branchMap":{"0":{"loc":{"start":{"line":31,"column":4},"end":{"line":31,"column":28}},"type":"if","locations":[{"start":{"line":31,"column":4},"end":{"line":31,"column":28}},{"start":{"line":31,"column":4},"end":{"line":31,"column":28}}]},"1":{"loc":{"start":{"line":35,"column":6},"end":{"line":35,"column":30}},"type":"if","locations":[{"start":{"line":35,"column":6},"end":{"line":35,"column":30}},{"start":{"line":35,"column":6},"end":{"line":35,"column":30}}]}},"s":{"0":0,"1":0,"2":0,"3":0,"4":0,"5":0,"6":0,"7":0,"8":0,"9":0},"f":{},"b":{"0":[0,0],"1":[0,0]}}
,"/Users/josefernandez/workspace/facebook_login/src/scenes/log_in/log_in_actions.js": {"path":"/Users/josefernandez/workspace/facebook_login/src/scenes/log_in/log_in_actions.js","statementMap":{"0":{"start":{"line":1,"column":0},"end":{"line":null,"column":-1}},"1":{"start":{"line":6,"column":0},"end":{"line":null,"column":-1}},"2":{"start":{"line":7,"column":0},"end":{"line":null,"column":-1}},"3":{"start":{"line":9,"column":0},"end":{"line":null,"column":-1}},"4":{"start":{"line":11,"column":20},"end":{"line":11,"column":0}},"5":{"start":{"line":12,"column":15},"end":{"line":12,"column":2}},"6":{"start":{"line":16,"column":2},"end":{"line":null,"column":-1}},"7":{"start":{"line":18,"column":4},"end":{"line":null,"column":-1}},"8":{"start":{"line":21,"column":4},"end":{"line":null,"column":-1}},"9":{"start":{"line":25,"column":20},"end":{"line":25,"column":0}},"10":{"start":{"line":26,"column":2},"end":{"line":null,"column":-1}},"11":{"start":{"line":27,"column":4},"end":{"line":null,"column":-1}},"12":{"start":{"line":36,"column":16},"end":{"line":36,"column":0}},"13":{"start":{"line":37,"column":2},"end":{"line":null,"column":-1}},"14":{"start":{"line":38,"column":2},"end":{"line":null,"column":-1}},"15":{"start":{"line":39,"column":2},"end":{"line":null,"column":-1}},"16":{"start":{"line":42,"column":28},"end":{"line":42,"column":0}},"17":{"start":{"line":43,"column":2},"end":{"line":null,"column":-1}},"18":{"start":{"line":44,"column":25},"end":{"line":44,"column":4}},"19":{"start":{"line":45,"column":4},"end":{"line":55,"column":5}},"20":{"start":{"line":46,"column":6},"end":{"line":null,"column":-1}},"21":{"start":{"line":48,"column":6},"end":{"line":null,"column":-1}},"22":{"start":{"line":50,"column":8},"end":{"line":null,"column":-1}},"23":{"start":{"line":53,"column":8},"end":{"line":null,"column":-1}},"24":{"start":{"line":59,"column":19},"end":{"line":59,"column":0}},"25":{"start":{"line":60,"column":2},"end":{"line":null,"column":-1}},"26":{"start":{"line":61,"column":4},"end":{"line":null,"column":-1}},"27":{"start":{"line":62,"column":6},"end":{"line":null,"column":-1}}},"fnMap":{"0":{"name":"(anonymous_1)","decl":{"start":{"line":11,"column":20},"end":{"line":11,"column":18}},"loc":{"start":{"line":11,"column":32},"end":{"line":11,"column":0}}},"1":{"name":"(anonymous_2)","decl":{"start":{"line":17,"column":8},"end":{"line":17,"column":18}},"loc":{"start":{"line":17,"column":19},"end":{"line":16,"column":2}}},"2":{"name":"(anonymous_3)","decl":{"start":{"line":20,"column":10},"end":{"line":20,"column":8}},"loc":{"start":{"line":20,"column":22},"end":{"line":16,"column":2}}},"3":{"name":"(anonymous_4)","decl":{"start":{"line":25,"column":20},"end":{"line":25,"column":25}},"loc":{"start":{"line":25,"column":26},"end":{"line":25,"column":0}}},"4":{"name":"(anonymous_5)","decl":{"start":{"line":26,"column":3},"end":{"line":26,"column":14}},"loc":{"start":{"line":26,"column":15},"end":{"line":26,"column":2}}},"5":{"name":"(anonymous_6)","decl":{"start":{"line":36,"column":16},"end":{"line":36,"column":17}},"loc":{"start":{"line":36,"column":38},"end":{"line":36,"column":0}}},"6":{"name":"(anonymous_7)","decl":{"start":{"line":42,"column":28},"end":{"line":42,"column":38}},"loc":{"start":{"line":42,"column":39},"end":{"line":42,"column":0}}},"7":{"name":"(anonymous_8)","decl":{"start":{"line":43,"column":3},"end":{"line":43,"column":14}},"loc":{"start":{"line":43,"column":15},"end":{"line":43,"column":2}}},"8":{"name":"(anonymous_9)","decl":{"start":{"line":49,"column":12},"end":{"line":49,"column":18}},"loc":{"start":{"line":49,"column":19},"end":{"line":48,"column":12}}},"9":{"name":"(anonymous_10)","decl":{"start":{"line":52,"column":14},"end":{"line":52,"column":12}},"loc":{"start":{"line":52,"column":22},"end":{"line":48,"column":12}}},"10":{"name":"(anonymous_11)","decl":{"start":{"line":59,"column":19},"end":{"line":59,"column":17}},"loc":{"start":{"line":59,"column":31},"end":{"line":59,"column":0}}},"11":{"name":"(anonymous_12)","decl":{"start":{"line":60,"column":3},"end":{"line":60,"column":14}},"loc":{"start":{"line":60,"column":15},"end":{"line":60,"column":2}}},"12":{"name":"(anonymous_13)","decl":{"start":{"line":61,"column":23},"end":{"line":61,"column":33}},"loc":{"start":{"line":61,"column":34},"end":{"line":61,"column":10}}}},"branchMap":{"0":{"loc":{"start":{"line":45,"column":4},"end":{"line":55,"column":5}},"type":"if","locations":[{"start":{"line":45,"column":4},"end":{"line":55,"column":5}},{"start":{"line":45,"column":4},"end":{"line":55,"column":5}}]}},"s":{"0":0,"1":0,"2":0,"3":0,"4":0,"5":0,"6":0,"7":0,"8":0,"9":0,"10":0,"11":0,"12":0,"13":0,"14":0,"15":0,"16":0,"17":0,"18":0,"19":0,"20":0,"21":0,"22":0,"23":0,"24":0,"25":0,"26":0,"27":0},"f":{"0":0,"1":0,"2":0,"3":0,"4":0,"5":0,"6":0,"7":0,"8":0,"9":0,"10":0,"11":0,"12":0},"b":{"0":[0,0]}}
,"/Users/josefernandez/workspace/facebook_login/src/scenes/log_in/log_in_constants.js": {"path":"/Users/josefernandez/workspace/facebook_login/src/scenes/log_in/log_in_constants.js","statementMap":{"0":{"start":{"line":1,"column":19},"end":{"line":1,"column":0}},"1":{"start":{"line":2,"column":21},"end":{"line":2,"column":0}},"2":{"start":{"line":3,"column":28},"end":{"line":3,"column":0}}},"fnMap":{},"branchMap":{},"s":{"0":0,"1":0,"2":0},"f":{},"b":{}}
,"/Users/josefernandez/workspace/facebook_login/src/scenes/log_in/log_in_mutations.js": {"path":"/Users/josefernandez/workspace/facebook_login/src/scenes/log_in/log_in_mutations.js","statementMap":{"0":{"start":{"line":1,"column":19},"end":{"line":1,"column":0}},"1":{"start":{"line":2,"column":2},"end":{"line":null,"column":-1}},"2":{"start":{"line":5,"column":21},"end":{"line":5,"column":0}},"3":{"start":{"line":6,"column":2},"end":{"line":null,"column":-1}},"4":{"start":{"line":9,"column":28},"end":{"line":9,"column":0}},"5":{"start":{"line":10,"column":2},"end":{"line":null,"column":-1}},"6":{"start":{"line":11,"column":2},"end":{"line":null,"column":-1}}},"fnMap":{"0":{"name":"(anonymous_0)","decl":{"start":{"line":1,"column":19},"end":{"line":1,"column":20}},"loc":{"start":{"line":1,"column":39},"end":{"line":1,"column":0}}},"1":{"name":"(anonymous_1)","decl":{"start":{"line":5,"column":21},"end":{"line":5,"column":22}},"loc":{"start":{"line":5,"column":41},"end":{"line":5,"column":0}}},"2":{"name":"(anonymous_2)","decl":{"start":{"line":9,"column":28},"end":{"line":9,"column":29}},"loc":{"start":{"line":9,"column":48},"end":{"line":9,"column":0}}}},"branchMap":{},"s":{"0":0,"1":0,"2":0,"3":0,"4":0,"5":0,"6":0},"f":{"0":0,"1":0,"2":0},"b":{}}
,"/Users/josefernandez/workspace/facebook_login/src/scenes/log_in/log_in_styles.js": {"path":"/Users/josefernandez/workspace/facebook_login/src/scenes/log_in/log_in_styles.js","statementMap":{"0":{"start":{"line":1,"column":0},"end":{"line":null,"column":-1}},"1":{"start":{"line":3,"column":16},"end":{"line":3,"column":0}},"2":{"start":{"line":13,"column":22},"end":{"line":13,"column":0}},"3":{"start":{"line":17,"column":21},"end":{"line":17,"column":0}}},"fnMap":{},"branchMap":{},"s":{"0":0,"1":0,"2":0,"3":0},"f":{},"b":{}}
,"/Users/josefernandez/workspace/facebook_login/src/services/facebook.js": {"path":"/Users/josefernandez/workspace/facebook_login/src/services/facebook.js","statementMap":{"0":{"start":{"line":5,"column":4},"end":{"line":null,"column":-1}},"1":{"start":{"line":6,"column":6},"end":{"line":8,"column":7}},"2":{"start":{"line":7,"column":8},"end":{"line":null,"column":-1}},"3":{"start":{"line":10,"column":17},"end":{"line":10,"column":6}},"4":{"start":{"line":11,"column":18},"end":{"line":11,"column":6}},"5":{"start":{"line":12,"column":6},"end":{"line":14,"column":7}},"6":{"start":{"line":13,"column":8},"end":{"line":null,"column":-1}},"7":{"start":{"line":16,"column":17},"end":{"line":16,"column":6}},"8":{"start":{"line":17,"column":6},"end":{"line":null,"column":-1}},"9":{"start":{"line":18,"column":6},"end":{"line":null,"column":-1}},"10":{"start":{"line":20,"column":6},"end":{"line":null,"column":-1}},"11":{"start":{"line":21,"column":8},"end":{"line":null,"column":-1}},"12":{"start":{"line":29,"column":8},"end":{"line":null,"column":-1}},"13":{"start":{"line":32,"column":6},"end":{"line":null,"column":-1}},"14":{"start":{"line":37,"column":4},"end":{"line":null,"column":-1}},"15":{"start":{"line":38,"column":17},"end":{"line":38,"column":6}},"16":{"start":{"line":39,"column":6},"end":{"line":null,"column":-1}},"17":{"start":{"line":41,"column":6},"end":{"line":null,"column":-1}},"18":{"start":{"line":46,"column":4},"end":{"line":null,"column":-1}},"19":{"start":{"line":47,"column":17},"end":{"line":47,"column":6}},"20":{"start":{"line":49,"column":24},"end":{"line":49,"column":6}},"21":{"start":{"line":50,"column":8},"end":{"line":null,"column":-1}},"22":{"start":{"line":53,"column":6},"end":{"line":55,"column":7}},"23":{"start":{"line":54,"column":8},"end":{"line":null,"column":-1}},"24":{"start":{"line":57,"column":6},"end":{"line":null,"column":-1}},"25":{"start":{"line":59,"column":6},"end":{"line":null,"column":-1}},"26":{"start":{"line":64,"column":4},"end":{"line":null,"column":-1}},"27":{"start":{"line":65,"column":17},"end":{"line":65,"column":6}},"28":{"start":{"line":67,"column":6},"end":{"line":null,"column":-1}},"29":{"start":{"line":68,"column":8},"end":{"line":null,"column":-1}},"30":{"start":{"line":74,"column":4},"end":{"line":null,"column":-1}},"31":{"start":{"line":75,"column":17},"end":{"line":75,"column":6}},"32":{"start":{"line":77,"column":6},"end":{"line":null,"column":-1}},"33":{"start":{"line":78,"column":8},"end":{"line":null,"column":-1}},"34":{"start":{"line":84,"column":4},"end":{"line":null,"column":-1}},"35":{"start":{"line":85,"column":17},"end":{"line":85,"column":6}},"36":{"start":{"line":87,"column":6},"end":{"line":null,"column":-1}},"37":{"start":{"line":88,"column":8},"end":{"line":88,"column":30}},"38":{"start":{"line":88,"column":30},"end":{"line":null,"column":-1}},"39":{"start":{"line":89,"column":8},"end":{"line":null,"column":-1}},"40":{"start":{"line":95,"column":4},"end":{"line":null,"column":-1}},"41":{"start":{"line":96,"column":17},"end":{"line":96,"column":6}},"42":{"start":{"line":98,"column":6},"end":{"line":null,"column":-1}},"43":{"start":{"line":99,"column":8},"end":{"line":null,"column":-1}},"44":{"start":{"line":105,"column":4},"end":{"line":null,"column":-1}},"45":{"start":{"line":106,"column":17},"end":{"line":106,"column":6}},"46":{"start":{"line":108,"column":6},"end":{"line":null,"column":-1}},"47":{"start":{"line":113,"column":4},"end":{"line":null,"column":-1}},"48":{"start":{"line":114,"column":17},"end":{"line":114,"column":6}},"49":{"start":{"line":116,"column":6},"end":{"line":null,"column":-1}},"50":{"start":{"line":121,"column":17},"end":{"line":121,"column":0}}},"fnMap":{"0":{"name":"(anonymous_1)","decl":{"start":{"line":4,"column":2},"end":{"line":4,"column":14}},"loc":{"start":{"line":4,"column":15},"end":{"line":34,"column":3}}},"1":{"name":"(anonymous_2)","decl":{"start":{"line":5,"column":24},"end":{"line":5,"column":22}},"loc":{"start":{"line":5,"column":36},"end":{"line":5,"column":11}}},"2":{"name":"(anonymous_3)","decl":{"start":{"line":20,"column":34},"end":{"line":20,"column":39}},"loc":{"start":{"line":20,"column":40},"end":{"line":20,"column":6}}},"3":{"name":"(anonymous_4)","decl":{"start":{"line":36,"column":2},"end":{"line":36,"column":7}},"loc":{"start":{"line":36,"column":21},"end":{"line":43,"column":3}}},"4":{"name":"(anonymous_5)","decl":{"start":{"line":37,"column":23},"end":{"line":37,"column":29}},"loc":{"start":{"line":37,"column":42},"end":{"line":37,"column":11}}},"5":{"name":"(anonymous_6)","decl":{"start":{"line":45,"column":2},"end":{"line":45,"column":6}},"loc":{"start":{"line":45,"column":18},"end":{"line":61,"column":3}}},"6":{"name":"(anonymous_7)","decl":{"start":{"line":46,"column":23},"end":{"line":46,"column":29}},"loc":{"start":{"line":46,"column":42},"end":{"line":46,"column":11}}},"7":{"name":"(anonymous_8)","decl":{"start":{"line":49,"column":24},"end":{"line":49,"column":22}},"loc":{"start":{"line":49,"column":37},"end":{"line":49,"column":6}}},"8":{"name":"(anonymous_9)","decl":{"start":{"line":63,"column":2},"end":{"line":63,"column":5}},"loc":{"start":{"line":63,"column":14},"end":{"line":71,"column":3}}},"9":{"name":"(anonymous_10)","decl":{"start":{"line":64,"column":23},"end":{"line":64,"column":29}},"loc":{"start":{"line":64,"column":42},"end":{"line":64,"column":11}}},"10":{"name":"(anonymous_11)","decl":{"start":{"line":67,"column":21},"end":{"line":67,"column":19}},"loc":{"start":{"line":67,"column":34},"end":{"line":67,"column":6}}},"11":{"name":"(anonymous_12)","decl":{"start":{"line":73,"column":2},"end":{"line":73,"column":19}},"loc":{"start":{"line":73,"column":20},"end":{"line":81,"column":3}}},"12":{"name":"(anonymous_13)","decl":{"start":{"line":74,"column":23},"end":{"line":74,"column":29}},"loc":{"start":{"line":74,"column":42},"end":{"line":74,"column":11}}},"13":{"name":"(anonymous_14)","decl":{"start":{"line":77,"column":25},"end":{"line":77,"column":23}},"loc":{"start":{"line":77,"column":38},"end":{"line":77,"column":6}}},"14":{"name":"(anonymous_15)","decl":{"start":{"line":83,"column":2},"end":{"line":83,"column":8}},"loc":{"start":{"line":83,"column":53},"end":{"line":92,"column":3}}},"15":{"name":"(anonymous_16)","decl":{"start":{"line":84,"column":23},"end":{"line":84,"column":29}},"loc":{"start":{"line":84,"column":50},"end":{"line":84,"column":11}}},"16":{"name":"(anonymous_17)","decl":{"start":{"line":87,"column":16},"end":{"line":87,"column":14}},"loc":{"start":{"line":87,"column":24},"end":{"line":87,"column":6}}},"17":{"name":"(anonymous_18)","decl":{"start":{"line":94,"column":2},"end":{"line":94,"column":11}},"loc":{"start":{"line":94,"column":12},"end":{"line":102,"column":3}}},"18":{"name":"(anonymous_19)","decl":{"start":{"line":95,"column":23},"end":{"line":95,"column":29}},"loc":{"start":{"line":95,"column":42},"end":{"line":95,"column":11}}},"19":{"name":"(anonymous_20)","decl":{"start":{"line":98,"column":17},"end":{"line":98,"column":15}},"loc":{"start":{"line":98,"column":30},"end":{"line":98,"column":6}}},"20":{"name":"(anonymous_21)","decl":{"start":{"line":104,"column":2},"end":{"line":104,"column":20}},"loc":{"start":{"line":104,"column":21},"end":{"line":110,"column":3}}},"21":{"name":"(anonymous_22)","decl":{"start":{"line":105,"column":23},"end":{"line":105,"column":29}},"loc":{"start":{"line":105,"column":42},"end":{"line":105,"column":11}}},"22":{"name":"(anonymous_23)","decl":{"start":{"line":112,"column":2},"end":{"line":112,"column":7}},"loc":{"start":{"line":112,"column":8},"end":{"line":3,"column":15}}},"23":{"name":"(anonymous_24)","decl":{"start":{"line":113,"column":23},"end":{"line":113,"column":29}},"loc":{"start":{"line":113,"column":42},"end":{"line":113,"column":11}}}},"branchMap":{"0":{"loc":{"start":{"line":6,"column":6},"end":{"line":8,"column":7}},"type":"if","locations":[{"start":{"line":6,"column":6},"end":{"line":8,"column":7}},{"start":{"line":6,"column":6},"end":{"line":8,"column":7}}]},"1":{"loc":{"start":{"line":12,"column":6},"end":{"line":14,"column":7}},"type":"if","locations":[{"start":{"line":12,"column":6},"end":{"line":14,"column":7}},{"start":{"line":12,"column":6},"end":{"line":14,"column":7}}]},"2":{"loc":{"start":{"line":36,"column":17},"end":{"line":36,"column":2}},"type":"default-arg","locations":[{"start":{"line":36,"column":17},"end":{"line":36,"column":2}}]},"3":{"loc":{"start":{"line":53,"column":6},"end":{"line":55,"column":7}},"type":"if","locations":[{"start":{"line":53,"column":6},"end":{"line":55,"column":7}},{"start":{"line":53,"column":6},"end":{"line":55,"column":7}}]},"4":{"loc":{"start":{"line":83,"column":18},"end":{"line":83,"column":2}},"type":"default-arg","locations":[{"start":{"line":83,"column":18},"end":{"line":83,"column":2}}]},"5":{"loc":{"start":{"line":88,"column":8},"end":{"line":88,"column":30}},"type":"if","locations":[{"start":{"line":88,"column":8},"end":{"line":88,"column":30}},{"start":{"line":88,"column":8},"end":{"line":88,"column":30}}]}},"s":{"0":0,"1":0,"2":0,"3":0,"4":0,"5":0,"6":0,"7":0,"8":0,"9":0,"10":0,"11":0,"12":0,"13":0,"14":0,"15":0,"16":0,"17":0,"18":0,"19":0,"20":0,"21":0,"22":0,"23":0,"24":0,"25":0,"26":0,"27":0,"28":0,"29":0,"30":0,"31":0,"32":0,"33":0,"34":0,"35":0,"36":0,"37":0,"38":0,"39":0,"40":0,"41":0,"42":0,"43":0,"44":0,"45":0,"46":0,"47":0,"48":0,"49":0,"50":0},"f":{"0":0,"1":0,"2":0,"3":0,"4":0,"5":0,"6":0,"7":0,"8":0,"9":0,"10":0,"11":0,"12":0,"13":0,"14":0,"15":0,"16":0,"17":0,"18":0,"19":0,"20":0,"21":0,"22":0,"23":0},"b":{"0":[0,0],"1":[0,0],"2":[0],"3":[0,0],"4":[0],"5":[0,0]}}
,"/Users/josefernandez/workspace/facebook_login/src/services/api/calls.js": {"path":"/Users/josefernandez/workspace/facebook_login/src/services/api/calls.js","statementMap":{"0":{"start":{"line":1,"column":0},"end":{"line":null,"column":-1}},"1":{"start":{"line":3,"column":12},"end":{"line":3,"column":0}},"2":{"start":{"line":4,"column":2},"end":{"line":null,"column":-1}},"3":{"start":{"line":5,"column":4},"end":{"line":null,"column":-1}},"4":{"start":{"line":8,"column":6},"end":{"line":null,"column":-1}},"5":{"start":{"line":10,"column":6},"end":{"line":null,"column":-1}},"6":{"start":{"line":15,"column":13},"end":{"line":15,"column":0}},"7":{"start":{"line":16,"column":2},"end":{"line":null,"column":-1}},"8":{"start":{"line":17,"column":4},"end":{"line":null,"column":-1}},"9":{"start":{"line":18,"column":6},"end":{"line":null,"column":-1}},"10":{"start":{"line":20,"column":6},"end":{"line":null,"column":-1}}},"fnMap":{"0":{"name":"(anonymous_1)","decl":{"start":{"line":3,"column":12},"end":{"line":3,"column":18}},"loc":{"start":{"line":3,"column":35},"end":{"line":3,"column":0}}},"1":{"name":"(anonymous_2)","decl":{"start":{"line":4,"column":27},"end":{"line":4,"column":28}},"loc":{"start":{"line":4,"column":48},"end":{"line":4,"column":15}}},"2":{"name":"(anonymous_3)","decl":{"start":{"line":7,"column":12},"end":{"line":7,"column":18}},"loc":{"start":{"line":7,"column":19},"end":{"line":5,"column":4}}},"3":{"name":"(anonymous_4)","decl":{"start":{"line":9,"column":14},"end":{"line":9,"column":12}},"loc":{"start":{"line":9,"column":22},"end":{"line":5,"column":4}}},"4":{"name":"(anonymous_5)","decl":{"start":{"line":15,"column":13},"end":{"line":15,"column":19}},"loc":{"start":{"line":15,"column":34},"end":{"line":15,"column":0}}},"5":{"name":"(anonymous_6)","decl":{"start":{"line":16,"column":27},"end":{"line":16,"column":28}},"loc":{"start":{"line":16,"column":48},"end":{"line":16,"column":15}}},"6":{"name":"(anonymous_7)","decl":{"start":{"line":17,"column":31},"end":{"line":17,"column":37}},"loc":{"start":{"line":17,"column":38},"end":{"line":17,"column":4}}},"7":{"name":"(anonymous_8)","decl":{"start":{"line":19,"column":14},"end":{"line":19,"column":12}},"loc":{"start":{"line":19,"column":22},"end":{"line":17,"column":4}}}},"branchMap":{},"s":{"0":0,"1":0,"2":0,"3":0,"4":0,"5":0,"6":0,"7":0,"8":0,"9":0,"10":0},"f":{"0":0,"1":0,"2":0,"3":0,"4":0,"5":0,"6":0,"7":0},"b":{}}
,"/Users/josefernandez/workspace/facebook_login/src/services/api/endpoints.js": {"path":"/Users/josefernandez/workspace/facebook_login/src/services/api/endpoints.js","statementMap":{"0":{"start":{"line":1,"column":0},"end":{"line":null,"column":-1}},"1":{"start":{"line":3,"column":18},"end":{"line":3,"column":0}},"2":{"start":{"line":4,"column":17},"end":{"line":4,"column":0}}},"fnMap":{},"branchMap":{},"s":{"0":0,"1":0,"2":0},"f":{},"b":{}}
,"/Users/josefernandez/workspace/facebook_login/src/services/api/index.js": {"path":"/Users/josefernandez/workspace/facebook_login/src/services/api/index.js","statementMap":{"0":{"start":{"line":1,"column":0},"end":{"line":null,"column":-1}},"1":{"start":{"line":3,"column":0},"end":{"line":null,"column":-1}},"2":{"start":{"line":5,"column":12},"end":{"line":5,"column":0}}},"fnMap":{},"branchMap":{},"s":{"0":0,"1":0,"2":0},"f":{},"b":{}}
,"/Users/josefernandez/workspace/facebook_login/src/services/api/urls.js": {"path":"/Users/josefernandez/workspace/facebook_login/src/services/api/urls.js","statementMap":{"0":{"start":{"line":1,"column":16},"end":{"line":1,"column":0}},"1":{"start":{"line":2,"column":15},"end":{"line":2,"column":0}}},"fnMap":{},"branchMap":{},"s":{"0":0,"1":0},"f":{},"b":{}}
,"/Users/josefernandez/workspace/facebook_login/src/store/index.js": {"path":"/Users/josefernandez/workspace/facebook_login/src/store/index.js","statementMap":{"0":{"start":{"line":1,"column":0},"end":{"line":null,"column":-1}},"1":{"start":{"line":2,"column":0},"end":{"line":null,"column":-1}},"2":{"start":{"line":4,"column":0},"end":{"line":null,"column":-1}},"3":{"start":{"line":10,"column":0},"end":{"line":null,"column":-1}},"4":{"start":{"line":15,"column":0},"end":{"line":null,"column":-1}},"5":{"start":{"line":16,"column":0},"end":{"line":null,"column":-1}},"6":{"start":{"line":18,"column":0},"end":{"line":null,"column":-1}},"7":{"start":{"line":20,"column":13},"end":{"line":20,"column":7}},"8":{"start":{"line":29,"column":14},"end":{"line":29,"column":0}},"9":{"start":{"line":31,"column":13},"end":{"line":31,"column":7}},"10":{"start":{"line":34,"column":28},"end":{"line":33,"column":11}},"11":{"start":{"line":35,"column":26},"end":{"line":33,"column":11}},"12":{"start":{"line":36,"column":27},"end":{"line":33,"column":11}}},"fnMap":{"0":{"name":"(anonymous_1)","decl":{"start":{"line":34,"column":19},"end":{"line":34,"column":27}},"loc":{"start":{"line":34,"column":28},"end":{"line":33,"column":11}}},"1":{"name":"(anonymous_2)","decl":{"start":{"line":35,"column":17},"end":{"line":35,"column":25}},"loc":{"start":{"line":35,"column":26},"end":{"line":33,"column":11}}},"2":{"name":"(anonymous_3)","decl":{"start":{"line":36,"column":18},"end":{"line":36,"column":26}},"loc":{"start":{"line":36,"column":27},"end":{"line":33,"column":11}}}},"branchMap":{},"s":{"0":0,"1":0,"2":0,"3":0,"4":0,"5":0,"6":0,"7":0,"8":0,"9":0,"10":0,"11":0,"12":0},"f":{"0":0,"1":0,"2":0},"b":{}}
}
